<?xml version="1.0" encoding="UTF-8"?>
<!-- Generated by org.testng.reporters.JUnitReportReporter -->
<testsuite skipped="0" hostname="DESKTOP-OL5DHKR" name="domaci_08_06.z1" tests="1" failures="0" timestamp="2021-06-10T13:08:14 CEST" time="9.302" errors="0">
  <testcase name="titleTest" time="9.302" classname="domaci_08_06.z1"/>
  <system-out/>
</testsuite> <!-- domaci_08_06.z1 -->
