<?xml version="1.0" encoding="UTF-8"?>
<!-- Generated by org.testng.reporters.JUnitReportReporter -->
<testsuite skipped="0" hostname="DESKTOP-OL5DHKR" name="domaci_07_06.z2" tests="1" failures="0" timestamp="2021-06-10T14:54:03 CEST" time="12.968" errors="0">
  <testcase name="titleTest" time="12.968" classname="domaci_07_06.z2"/>
  <system-out/>
</testsuite> <!-- domaci_07_06.z2 -->
