<?xml version="1.0" encoding="UTF-8"?>
<!-- Generated by org.testng.reporters.JUnitReportReporter -->
<testsuite skipped="0" hostname="DESKTOP-OL5DHKR" name="projekat_07_06.UvodTestNG" tests="2" failures="0" timestamp="2021-06-07T21:18:01 CEST" time="3.184" errors="0">
  <testcase name="titleTest2" time="0.001" classname="projekat_07_06.UvodTestNG"/>
  <system-out/>
  <testcase name="titleTest" time="3.183" classname="projekat_07_06.UvodTestNG"/>
  <system-out/>
</testsuite> <!-- projekat_07_06.UvodTestNG -->
