<?xml version="1.0" encoding="UTF-8"?>
<!-- Generated by org.testng.reporters.JUnitReportReporter -->
<testsuite skipped="0" hostname="DESKTOP-OL5DHKR" name="projekat_08_06.z2" tests="1" failures="0" timestamp="2021-06-08T21:29:58 CEST" time="11.465" errors="0">
  <testcase name="titleTest" time="11.465" classname="projekat_08_06.z2"/>
  <system-out/>
</testsuite> <!-- projekat_08_06.z2 -->
